# JRE version: Java(TM) SE Runtime Environment (21.0.7+8) (build 21.0.7+8-LTS-245)
# Java VM: Java HotSpot(TM) 64-Bit Server VM (21.0.7+8-LTS-245, mixed mode, sharing, tiered, compressed oops, compressed class ptrs, g1 gc, windows-amd64)
GC Precious Log:
 CardTable entry size: 512
 Card Set container configuration: InlinePtr #cards 5 size 8 Array Of Cards #cards 12 size 40 Howl #buckets 4 coarsen threshold 1843 Howl Bitmap #cards 512 size 80 coarsen threshold 460 Card regions per heap region 1 cards per card region 2048
 CPUs: 4 total, 4 available
 Memory: 3790M
 Large Page Support: Disabled
 NUMA Support: Disabled
 Compressed Oops: Enabled (32-bit)
 Heap Region Size: 1M
 Heap Min Capacity: 256M
 Heap Initial Capacity: 256M
 Heap Max Capacity: 512M
 Pre-touch: Disabled
 Parallel Workers: 4
 Concurrent Workers: 1
 Concurrent Refinement Workers: 4
 Periodic GC: Disabled
Heap:
 garbage-first heap   total 262144K, used 190976K [0x00000000e0000000, 0x0000000100000000)
  region size 1024K, 148 young (151552K), 17 survivors (17408K)
 Metaspace       used 71130K, committed 73408K, reserved 393216K
  class space    used 9855K, committed 11008K, reserved 327680K
GC Heap History (20 events):
Event: 0.683 GC heap before
{Heap before GC invocations=1 (full 0):
 garbage-first heap   total 262144K, used 28992K [0x00000000e0000000, 0x0000000100000000)
  region size 1024K, 27 young (27648K), 2 survivors (2048K)
 Metaspace       used 3486K, committed 3648K, reserved 393216K
  class space    used 439K, committed 512K, reserved 327680K
}
Event: 0.687 GC heap after
{Heap after GC invocations=2 (full 0):
 garbage-first heap   total 262144K, used 10602K [0x00000000e0000000, 0x0000000100000000)
  region size 1024K, 4 young (4096K), 4 survivors (4096K)
 Metaspace       used 3486K, committed 3648K, reserved 393216K
  class space    used 439K, committed 512K, reserved 327680K
}
Event: 2.973 GC heap before
{Heap before GC invocations=2 (full 0):
 garbage-first heap   total 262144K, used 165226K [0x00000000e0000000, 0x0000000100000000)
  region size 1024K, 153 young (156672K), 4 survivors (4096K)
 Metaspace       used 19892K, committed 20480K, reserved 393216K
  class space    used 2836K, committed 3136K, reserved 327680K
}
Event: 2.994 GC heap after
{Heap after GC invocations=3 (full 0):
 garbage-first heap   total 262144K, used 23402K [0x00000000e0000000, 0x0000000100000000)
  region size 1024K, 16 young (16384K), 16 survivors (16384K)
 Metaspace       used 19892K, committed 20480K, reserved 393216K
  class space    used 2836K, committed 3136K, reserved 327680K
}
Event: 3.098 GC heap before
{Heap before GC invocations=3 (full 0):
 garbage-first heap   total 262144K, used 32618K [0x00000000e0000000, 0x0000000100000000)
  region size 1024K, 26 young (26624K), 16 survivors (16384K)
 Metaspace       used 20846K, committed 21504K, reserved 393216K
  class space    used 2994K, committed 3328K, reserved 327680K
}
Event: 3.170 GC heap after
{Heap after GC invocations=4 (full 0):
 garbage-first heap   total 262144K, used 24641K [0x00000000e0000000, 0x0000000100000000)
  region size 1024K, 2 young (2048K), 2 survivors (2048K)
 Metaspace       used 20846K, committed 21504K, reserved 393216K
  class space    used 2994K, committed 3328K, reserved 327680K
}
Event: 4.893 GC heap before
{Heap before GC invocations=5 (full 0):
 garbage-first heap   total 262144K, used 137281K [0x00000000e0000000, 0x0000000100000000)
  region size 1024K, 109 young (111616K), 2 survivors (2048K)
 Metaspace       used 34933K, committed 35968K, reserved 393216K
  class space    used 4796K, committed 5312K, reserved 327680K
}
Event: 4.910 GC heap after
{Heap after GC invocations=6 (full 0):
 garbage-first heap   total 262144K, used 32086K [0x00000000e0000000, 0x0000000100000000)
  region size 1024K, 9 young (9216K), 9 survivors (9216K)
 Metaspace       used 34933K, committed 35968K, reserved 393216K
  class space    used 4796K, committed 5312K, reserved 327680K
}
Event: 4.988 GC heap before
{Heap before GC invocations=6 (full 0):
 garbage-first heap   total 262144K, used 36182K [0x00000000e0000000, 0x0000000100000000)
  region size 1024K, 14 young (14336K), 9 survivors (9216K)
 Metaspace       used 35209K, committed 36288K, reserved 393216K
  class space    used 4824K, committed 5376K, reserved 327680K
}
Event: 5.005 GC heap after
{Heap after GC invocations=7 (full 0):
 garbage-first heap   total 262144K, used 32682K [0x00000000e0000000, 0x0000000100000000)
  region size 1024K, 10 young (10240K), 10 survivors (10240K)
 Metaspace       used 35209K, committed 36288K, reserved 393216K
  class space    used 4824K, committed 5376K, reserved 327680K
}
Event: 5.050 GC heap before
{Heap before GC invocations=7 (full 0):
 garbage-first heap   total 262144K, used 35754K [0x00000000e0000000, 0x0000000100000000)
  region size 1024K, 14 young (14336K), 10 survivors (10240K)
 Metaspace       used 35510K, committed 36608K, reserved 393216K
  class space    used 4873K, committed 5440K, reserved 327680K
}
Event: 5.057 GC heap after
{Heap after GC invocations=8 (full 0):
 garbage-first heap   total 262144K, used 32747K [0x00000000e0000000, 0x0000000100000000)
  region size 1024K, 10 young (10240K), 10 survivors (10240K)
 Metaspace       used 35510K, committed 36608K, reserved 393216K
  class space    used 4873K, committed 5440K, reserved 327680K
}
Event: 7.212 GC heap before
{Heap before GC invocations=9 (full 0):
 garbage-first heap   total 262144K, used 180203K [0x00000000e0000000, 0x0000000100000000)
  region size 1024K, 153 young (156672K), 10 survivors (10240K)
 Metaspace       used 53503K, committed 55296K, reserved 393216K
  class space    used 7479K, committed 8384K, reserved 327680K
}
Event: 7.244 GC heap after
{Heap after GC invocations=10 (full 0):
 garbage-first heap   total 262144K, used 42069K [0x00000000e0000000, 0x0000000100000000)
  region size 1024K, 19 young (19456K), 19 survivors (19456K)
 Metaspace       used 53503K, committed 55296K, reserved 393216K
  class space    used 7479K, committed 8384K, reserved 327680K
}
Event: 10.153 GC heap before
{Heap before GC invocations=10 (full 0):
 garbage-first heap   total 262144K, used 94293K [0x00000000e0000000, 0x0000000100000000)
  region size 1024K, 71 young (72704K), 19 survivors (19456K)
 Metaspace       used 59654K, committed 61568K, reserved 393216K
  class space    used 8317K, committed 9280K, reserved 327680K
}
Event: 10.171 GC heap after
{Heap after GC invocations=11 (full 0):
 garbage-first heap   total 262144K, used 45148K [0x00000000e0000000, 0x0000000100000000)
  region size 1024K, 14 young (14336K), 14 survivors (14336K)
 Metaspace       used 59654K, committed 61568K, reserved 393216K
  class space    used 8317K, committed 9280K, reserved 327680K
}
Event: 10.213 GC heap before
{Heap before GC invocations=11 (full 0):
 garbage-first heap   total 262144K, used 49244K [0x00000000e0000000, 0x0000000100000000)
  region size 1024K, 19 young (19456K), 14 survivors (14336K)
 Metaspace       used 59974K, committed 61888K, reserved 393216K
  class space    used 8382K, committed 9344K, reserved 327680K
}
Event: 10.227 GC heap after
{Heap after GC invocations=12 (full 0):
 garbage-first heap   total 262144K, used 46080K [0x00000000e0000000, 0x0000000100000000)
  region size 1024K, 4 young (4096K), 4 survivors (4096K)
 Metaspace       used 59974K, committed 61888K, reserved 393216K
  class space    used 8382K, committed 9344K, reserved 327680K
}
Event: 12.590 GC heap before
{Heap before GC invocations=13 (full 0):
 garbage-first heap   total 262144K, used 197632K [0x00000000e0000000, 0x0000000100000000)
  region size 1024K, 153 young (156672K), 4 survivors (4096K)
 Metaspace       used 65407K, committed 67456K, reserved 393216K
  class space    used 8995K, committed 9984K, reserved 327680K
}
Event: 12.610 GC heap after
{Heap after GC invocations=14 (full 0):
 garbage-first heap   total 262144K, used 58880K [0x00000000e0000000, 0x0000000100000000)
  region size 1024K, 17 young (17408K), 17 survivors (17408K)
 Metaspace       used 65407K, committed 67456K, reserved 393216K
  class space    used 8995K, committed 9984K, reserved 327680K
}

